{"/Users/andreykalyakin/Projects/frontend-project-lvl2/index.js": {"path":"/Users/andreykalyakin/Projects/frontend-project-lvl2/index.js","statementMap":{"0":{"start":{"line":4,"column":16},"end":{"line":25,"column":1}},"1":{"start":{"line":5,"column":15},"end":{"line":5,"column":90}},"2":{"start":{"line":6,"column":15},"end":{"line":6,"column":90}},"3":{"start":{"line":7,"column":16},"end":{"line":7,"column":42}},"4":{"start":{"line":8,"column":16},"end":{"line":8,"column":42}},"5":{"start":{"line":9,"column":23},"end":{"line":9,"column":70}},"6":{"start":{"line":9,"column":56},"end":{"line":9,"column":68}},"7":{"start":{"line":10,"column":16},"end":{"line":10,"column":64}},"8":{"start":{"line":10,"column":49},"end":{"line":10,"column":62}},"9":{"start":{"line":11,"column":16},"end":{"line":11,"column":64}},"10":{"start":{"line":11,"column":49},"end":{"line":11,"column":62}},"11":{"start":{"line":12,"column":18},"end":{"line":12,"column":23}},"12":{"start":{"line":13,"column":2},"end":{"line":13,"column":66}},"13":{"start":{"line":13,"column":25},"end":{"line":13,"column":64}},"14":{"start":{"line":14,"column":2},"end":{"line":21,"column":5}},"15":{"start":{"line":15,"column":4},"end":{"line":20,"column":5}},"16":{"start":{"line":16,"column":6},"end":{"line":16,"column":46}},"17":{"start":{"line":18,"column":6},"end":{"line":18,"column":46}},"18":{"start":{"line":19,"column":6},"end":{"line":19,"column":46}},"19":{"start":{"line":22,"column":2},"end":{"line":22,"column":66}},"20":{"start":{"line":22,"column":25},"end":{"line":22,"column":64}},"21":{"start":{"line":23,"column":2},"end":{"line":23,"column":20}},"22":{"start":{"line":24,"column":2},"end":{"line":24,"column":28}}},"fnMap":{"0":{"name":"(anonymous_0)","decl":{"start":{"line":4,"column":16},"end":{"line":4,"column":17}},"loc":{"start":{"line":4,"column":42},"end":{"line":25,"column":1}},"line":4},"1":{"name":"(anonymous_1)","decl":{"start":{"line":9,"column":49},"end":{"line":9,"column":50}},"loc":{"start":{"line":9,"column":56},"end":{"line":9,"column":68}},"line":9},"2":{"name":"(anonymous_2)","decl":{"start":{"line":10,"column":42},"end":{"line":10,"column":43}},"loc":{"start":{"line":10,"column":49},"end":{"line":10,"column":62}},"line":10},"3":{"name":"(anonymous_3)","decl":{"start":{"line":11,"column":42},"end":{"line":11,"column":43}},"loc":{"start":{"line":11,"column":49},"end":{"line":11,"column":62}},"line":11},"4":{"name":"(anonymous_4)","decl":{"start":{"line":13,"column":16},"end":{"line":13,"column":17}},"loc":{"start":{"line":13,"column":25},"end":{"line":13,"column":64}},"line":13},"5":{"name":"(anonymous_5)","decl":{"start":{"line":14,"column":23},"end":{"line":14,"column":24}},"loc":{"start":{"line":14,"column":32},"end":{"line":21,"column":3}},"line":14},"6":{"name":"(anonymous_6)","decl":{"start":{"line":22,"column":16},"end":{"line":22,"column":17}},"loc":{"start":{"line":22,"column":25},"end":{"line":22,"column":64}},"line":22}},"branchMap":{"0":{"loc":{"start":{"line":15,"column":4},"end":{"line":20,"column":5}},"type":"if","locations":[{"start":{"line":15,"column":4},"end":{"line":20,"column":5}},{"start":{"line":15,"column":4},"end":{"line":20,"column":5}}],"line":15}},"s":{"0":1,"1":3,"2":3,"3":3,"4":3,"5":3,"6":8,"7":3,"8":8,"9":3,"10":6,"11":3,"12":3,"13":6,"14":3,"15":2,"16":1,"17":1,"18":1,"19":3,"20":4,"21":3,"22":3},"f":{"0":3,"1":8,"2":8,"3":6,"4":6,"5":2,"6":4},"b":{"0":[1,1]},"_coverageSchema":"1a1c01bbd47fc00a2c39e90264f33305004495a9","hash":"754152f6c71a0280ffcb8a5cf2f6d02d062566bd"}
}
