TN:
SF:index.js
FN:4,(anonymous_0)
FN:9,(anonymous_1)
FN:10,(anonymous_2)
FN:11,(anonymous_3)
FN:13,(anonymous_4)
FN:14,(anonymous_5)
FN:22,(anonymous_6)
FNF:7
FNH:7
FNDA:3,(anonymous_0)
FNDA:8,(anonymous_1)
FNDA:8,(anonymous_2)
FNDA:6,(anonymous_3)
FNDA:6,(anonymous_4)
FNDA:2,(anonymous_5)
FNDA:4,(anonymous_6)
DA:4,1
DA:5,3
DA:6,3
DA:7,3
DA:8,3
DA:9,8
DA:10,8
DA:11,6
DA:12,3
DA:13,6
DA:14,3
DA:15,2
DA:16,1
DA:18,1
DA:19,1
DA:22,4
DA:23,3
DA:24,3
LF:18
LH:18
BRDA:15,0,0,1
BRDA:15,0,1,1
BRF:2
BRH:2
end_of_record
